2026-02-06 14:27:48.989 -05:00 [INF] Starting WhatTheDob Web application
2026-02-06 14:27:49.095 -05:00 [INF] Data storage path configured: C:\Users\136dp\source\repos\WhatTheDob\datastorage
2026-02-06 14:27:49.103 -05:00 [INF] Database context configured with SQLite
2026-02-06 14:27:49.754 -05:00 [INF] Database created/verified successfully
2026-02-06 14:27:49.757 -05:00 [INF] Initial menu fetch is enabled, fetching menus from API...
2026-02-06 14:27:49.773 -05:00 [INF] MenuService initialized with DaysToFetch=7, SelectedCampus=46, MenuApiUrl=https://www.absecom.psu.edu/menus/user-pages/daily-menu.cfm
2026-02-06 14:27:49.780 -05:00 [INF] Starting menu fetch from API for 7 days
2026-02-06 14:27:50.453 -05:00 [INF] Successfully fetched menu data: Method=GET, URL=https://www.absecom.psu.edu/menus/user-pages/daily-menu.cfm, ContentLength=42486
2026-02-06 14:27:50.504 -05:00 [INF] Upserting 16 campuses
2026-02-06 14:27:50.822 -05:00 [INF] Successfully upserted 16 campuses
2026-02-06 14:27:50.843 -05:00 [INF] Parsed 16 campuses and 4 meals from filter data
2026-02-06 14:27:50.867 -05:00 [INF] Awaiting 336 menu fetch tasks
2026-02-06 14:27:51.604 -05:00 [INF] Successfully fetched menu data: Method=POST, URL=https://www.absecom.psu.edu/menus/user-pages/daily-menu.cfm, ContentLength=26125
2026-02-06 14:27:51.615 -05:00 [INF] Successfully fetched menu data: Method=POST, URL=https://www.absecom.psu.edu/menus/user-pages/daily-menu.cfm, ContentLength=21835
2026-02-06 14:27:51.615 -05:00 [INF] Successfully fetched menu data: Method=POST, URL=https://www.absecom.psu.edu/menus/user-pages/daily-menu.cfm, ContentLength=38920
2026-02-06 14:27:51.624 -05:00 [INF] Successfully fetched menu data: Method=POST, URL=https://www.absecom.psu.edu/menus/user-pages/daily-menu.cfm, ContentLength=35140
2026-02-06 14:27:51.624 -05:00 [INF] Successfully fetched menu data: Method=POST, URL=https://www.absecom.psu.edu/menus/user-pages/daily-menu.cfm, ContentLength=32745
2026-02-06 14:27:51.686 -05:00 [INF] Successfully fetched menu data: Method=POST, URL=https://www.absecom.psu.edu/menus/user-pages/daily-menu.cfm, ContentLength=25309
2026-02-06 14:27:51.720 -05:00 [INF] Successfully fetched menu data: Method=POST, URL=https://www.absecom.psu.edu/menus/user-pages/daily-menu.cfm, ContentLength=19365
2026-02-06 14:27:51.742 -05:00 [INF] Successfully fetched menu data: Method=POST, URL=https://www.absecom.psu.edu/menus/user-pages/daily-menu.cfm, ContentLength=23101
2026-02-06 14:27:51.925 -05:00 [INF] Successfully fetched menu data: Method=POST, URL=https://www.absecom.psu.edu/menus/user-pages/daily-menu.cfm, ContentLength=35758
2026-02-06 14:27:51.930 -05:00 [INF] Successfully fetched menu data: Method=POST, URL=https://www.absecom.psu.edu/menus/user-pages/daily-menu.cfm, ContentLength=29305
2026-02-06 14:27:51.943 -05:00 [INF] Successfully fetched menu data: Method=POST, URL=https://www.absecom.psu.edu/menus/user-pages/daily-menu.cfm, ContentLength=37214
2026-02-06 14:27:52.003 -05:00 [INF] Successfully fetched menu data: Method=POST, URL=https://www.absecom.psu.edu/menus/user-pages/daily-menu.cfm, ContentLength=40063
2026-02-06 14:27:52.115 -05:00 [INF] Successfully fetched menu data: Method=POST, URL=https://www.absecom.psu.edu/menus/user-pages/daily-menu.cfm, ContentLength=38555
2026-02-06 14:27:52.261 -05:00 [INF] Successfully fetched menu data: Method=POST, URL=https://www.absecom.psu.edu/menus/user-pages/daily-menu.cfm, ContentLength=36651
2026-02-06 14:27:52.264 -05:00 [INF] Successfully fetched menu data: Method=POST, URL=https://www.absecom.psu.edu/menus/user-pages/daily-menu.cfm, ContentLength=28184
2026-02-06 14:27:52.266 -05:00 [INF] Successfully fetched menu data: Method=POST, URL=https://www.absecom.psu.edu/menus/user-pages/daily-menu.cfm, ContentLength=49614
2026-02-06 14:27:52.303 -05:00 [INF] Successfully fetched menu data: Method=POST, URL=https://www.absecom.psu.edu/menus/user-pages/daily-menu.cfm, ContentLength=85920
2026-02-06 14:27:52.423 -05:00 [INF] Successfully fetched menu data: Method=POST, URL=https://www.absecom.psu.edu/menus/user-pages/daily-menu.cfm, ContentLength=40396
2026-02-06 14:27:52.432 -05:00 [INF] Successfully fetched menu data: Method=POST, URL=https://www.absecom.psu.edu/menus/user-pages/daily-menu.cfm, ContentLength=61663
2026-02-06 14:27:52.507 -05:00 [INF] Successfully fetched menu data: Method=POST, URL=https://www.absecom.psu.edu/menus/user-pages/daily-menu.cfm, ContentLength=15106
2026-02-06 14:27:52.576 -05:00 [INF] Successfully fetched menu data: Method=POST, URL=https://www.absecom.psu.edu/menus/user-pages/daily-menu.cfm, ContentLength=15098
2026-02-06 14:27:52.587 -05:00 [INF] Successfully fetched menu data: Method=POST, URL=https://www.absecom.psu.edu/menus/user-pages/daily-menu.cfm, ContentLength=34890
2026-02-06 14:27:52.616 -05:00 [INF] Successfully fetched menu data: Method=POST, URL=https://www.absecom.psu.edu/menus/user-pages/daily-menu.cfm, ContentLength=31062
2026-02-06 14:27:52.630 -05:00 [INF] Successfully fetched menu data: Method=POST, URL=https://www.absecom.psu.edu/menus/user-pages/daily-menu.cfm, ContentLength=39850
2026-02-06 14:27:52.642 -05:00 [INF] Successfully fetched menu data: Method=POST, URL=https://www.absecom.psu.edu/menus/user-pages/daily-menu.cfm, ContentLength=23676
2026-02-06 14:27:52.644 -05:00 [INF] Successfully fetched menu data: Method=POST, URL=https://www.absecom.psu.edu/menus/user-pages/daily-menu.cfm, ContentLength=62934
2026-02-06 14:27:52.656 -05:00 [INF] Successfully fetched menu data: Method=POST, URL=https://www.absecom.psu.edu/menus/user-pages/daily-menu.cfm, ContentLength=33244
2026-02-06 14:27:52.771 -05:00 [INF] Successfully fetched menu data: Method=POST, URL=https://www.absecom.psu.edu/menus/user-pages/daily-menu.cfm, ContentLength=43578
2026-02-06 14:27:52.774 -05:00 [INF] Successfully fetched menu data: Method=POST, URL=https://www.absecom.psu.edu/menus/user-pages/daily-menu.cfm, ContentLength=54553
2026-02-06 14:27:52.794 -05:00 [INF] Successfully fetched menu data: Method=POST, URL=https://www.absecom.psu.edu/menus/user-pages/daily-menu.cfm, ContentLength=22310
2026-02-06 14:27:52.828 -05:00 [INF] Successfully fetched menu data: Method=POST, URL=https://www.absecom.psu.edu/menus/user-pages/daily-menu.cfm, ContentLength=25658
2026-02-06 14:27:52.875 -05:00 [INF] Successfully fetched menu data: Method=POST, URL=https://www.absecom.psu.edu/menus/user-pages/daily-menu.cfm, ContentLength=26762
2026-02-06 14:27:52.924 -05:00 [INF] Successfully fetched menu data: Method=POST, URL=https://www.absecom.psu.edu/menus/user-pages/daily-menu.cfm, ContentLength=21380
2026-02-06 14:27:52.980 -05:00 [INF] Successfully fetched menu data: Method=POST, URL=https://www.absecom.psu.edu/menus/user-pages/daily-menu.cfm, ContentLength=61971
2026-02-06 14:27:53.042 -05:00 [INF] Successfully fetched menu data: Method=POST, URL=https://www.absecom.psu.edu/menus/user-pages/daily-menu.cfm, ContentLength=39278
2026-02-06 14:27:53.067 -05:00 [INF] Successfully fetched menu data: Method=POST, URL=https://www.absecom.psu.edu/menus/user-pages/daily-menu.cfm, ContentLength=36879
2026-02-06 14:27:53.098 -05:00 [INF] Successfully fetched menu data: Method=POST, URL=https://www.absecom.psu.edu/menus/user-pages/daily-menu.cfm, ContentLength=42484
2026-02-06 14:27:53.113 -05:00 [INF] Successfully fetched menu data: Method=POST, URL=https://www.absecom.psu.edu/menus/user-pages/daily-menu.cfm, ContentLength=44866
2026-02-06 14:27:53.201 -05:00 [INF] Successfully fetched menu data: Method=POST, URL=https://www.absecom.psu.edu/menus/user-pages/daily-menu.cfm, ContentLength=23107
2026-02-06 14:27:53.205 -05:00 [INF] Successfully fetched menu data: Method=POST, URL=https://www.absecom.psu.edu/menus/user-pages/daily-menu.cfm, ContentLength=27553
2026-02-06 14:27:53.212 -05:00 [INF] Successfully fetched menu data: Method=POST, URL=https://www.absecom.psu.edu/menus/user-pages/daily-menu.cfm, ContentLength=36455
2026-02-06 14:27:53.295 -05:00 [INF] Successfully fetched menu data: Method=POST, URL=https://www.absecom.psu.edu/menus/user-pages/daily-menu.cfm, ContentLength=22431
2026-02-06 14:27:53.295 -05:00 [INF] Successfully fetched menu data: Method=POST, URL=https://www.absecom.psu.edu/menus/user-pages/daily-menu.cfm, ContentLength=23110
2026-02-06 14:27:53.304 -05:00 [INF] Successfully fetched menu data: Method=POST, URL=https://www.absecom.psu.edu/menus/user-pages/daily-menu.cfm, ContentLength=38326
2026-02-06 14:27:53.310 -05:00 [INF] Successfully fetched menu data: Method=POST, URL=https://www.absecom.psu.edu/menus/user-pages/daily-menu.cfm, ContentLength=54637
2026-02-06 14:27:53.320 -05:00 [INF] Successfully fetched menu data: Method=POST, URL=https://www.absecom.psu.edu/menus/user-pages/daily-menu.cfm, ContentLength=43178
2026-02-06 14:27:53.392 -05:00 [INF] Successfully fetched menu data: Method=POST, URL=https://www.absecom.psu.edu/menus/user-pages/daily-menu.cfm, ContentLength=15102
2026-02-06 14:27:53.398 -05:00 [INF] Successfully fetched menu data: Method=POST, URL=https://www.absecom.psu.edu/menus/user-pages/daily-menu.cfm, ContentLength=35954
2026-02-06 14:27:53.497 -05:00 [INF] Successfully fetched menu data: Method=POST, URL=https://www.absecom.psu.edu/menus/user-pages/daily-menu.cfm, ContentLength=45683
2026-02-06 14:27:53.555 -05:00 [INF] Successfully fetched menu data: Method=POST, URL=https://www.absecom.psu.edu/menus/user-pages/daily-menu.cfm, ContentLength=32555
2026-02-06 14:27:53.578 -05:00 [INF] Successfully fetched menu data: Method=POST, URL=https://www.absecom.psu.edu/menus/user-pages/daily-menu.cfm, ContentLength=43843
2026-02-06 14:27:53.599 -05:00 [INF] Successfully fetched menu data: Method=POST, URL=https://www.absecom.psu.edu/menus/user-pages/daily-menu.cfm, ContentLength=28951
2026-02-06 14:27:53.634 -05:00 [INF] Successfully fetched menu data: Method=POST, URL=https://www.absecom.psu.edu/menus/user-pages/daily-menu.cfm, ContentLength=27268
2026-02-06 14:27:53.667 -05:00 [INF] Successfully fetched menu data: Method=POST, URL=https://www.absecom.psu.edu/menus/user-pages/daily-menu.cfm, ContentLength=33908
2026-02-06 14:27:53.726 -05:00 [INF] Successfully fetched menu data: Method=POST, URL=https://www.absecom.psu.edu/menus/user-pages/daily-menu.cfm, ContentLength=49408
2026-02-06 14:27:53.809 -05:00 [INF] Successfully fetched menu data: Method=POST, URL=https://www.absecom.psu.edu/menus/user-pages/daily-menu.cfm, ContentLength=46641
2026-02-06 14:27:53.812 -05:00 [INF] Successfully fetched menu data: Method=POST, URL=https://www.absecom.psu.edu/menus/user-pages/daily-menu.cfm, ContentLength=28884
2026-02-06 14:27:53.853 -05:00 [INF] Successfully fetched menu data: Method=POST, URL=https://www.absecom.psu.edu/menus/user-pages/daily-menu.cfm, ContentLength=28547
2026-02-06 14:27:53.856 -05:00 [INF] Successfully fetched menu data: Method=POST, URL=https://www.absecom.psu.edu/menus/user-pages/daily-menu.cfm, ContentLength=41214
2026-02-06 14:27:53.864 -05:00 [INF] Successfully fetched menu data: Method=POST, URL=https://www.absecom.psu.edu/menus/user-pages/daily-menu.cfm, ContentLength=47108
2026-02-06 14:27:53.869 -05:00 [INF] Successfully fetched menu data: Method=POST, URL=https://www.absecom.psu.edu/menus/user-pages/daily-menu.cfm, ContentLength=20297
2026-02-06 14:27:53.882 -05:00 [INF] Successfully fetched menu data: Method=POST, URL=https://www.absecom.psu.edu/menus/user-pages/daily-menu.cfm, ContentLength=27569
2026-02-06 14:27:53.898 -05:00 [INF] Successfully fetched menu data: Method=POST, URL=https://www.absecom.psu.edu/menus/user-pages/daily-menu.cfm, ContentLength=15114
2026-02-06 14:27:53.949 -05:00 [INF] Successfully fetched menu data: Method=POST, URL=https://www.absecom.psu.edu/menus/user-pages/daily-menu.cfm, ContentLength=19371
2026-02-06 14:27:53.953 -05:00 [INF] Successfully fetched menu data: Method=POST, URL=https://www.absecom.psu.edu/menus/user-pages/daily-menu.cfm, ContentLength=15098
2026-02-06 14:27:53.968 -05:00 [INF] Successfully fetched menu data: Method=POST, URL=https://www.absecom.psu.edu/menus/user-pages/daily-menu.cfm, ContentLength=53737
2026-02-06 14:27:53.987 -05:00 [INF] Successfully fetched menu data: Method=POST, URL=https://www.absecom.psu.edu/menus/user-pages/daily-menu.cfm, ContentLength=15124
2026-02-06 14:27:54.019 -05:00 [INF] Successfully fetched menu data: Method=POST, URL=https://www.absecom.psu.edu/menus/user-pages/daily-menu.cfm, ContentLength=22695
2026-02-06 14:27:54.121 -05:00 [INF] Successfully fetched menu data: Method=POST, URL=https://www.absecom.psu.edu/menus/user-pages/daily-menu.cfm, ContentLength=15128
2026-02-06 14:27:54.123 -05:00 [INF] Successfully fetched menu data: Method=POST, URL=https://www.absecom.psu.edu/menus/user-pages/daily-menu.cfm, ContentLength=15094
2026-02-06 14:27:54.125 -05:00 [INF] Successfully fetched menu data: Method=POST, URL=https://www.absecom.psu.edu/menus/user-pages/daily-menu.cfm, ContentLength=15116
2026-02-06 14:27:54.134 -05:00 [INF] Successfully fetched menu data: Method=POST, URL=https://www.absecom.psu.edu/menus/user-pages/daily-menu.cfm, ContentLength=36805
2026-02-06 14:27:54.200 -05:00 [INF] Successfully fetched menu data: Method=POST, URL=https://www.absecom.psu.edu/menus/user-pages/daily-menu.cfm, ContentLength=15106
2026-02-06 14:27:54.201 -05:00 [INF] Successfully fetched menu data: Method=POST, URL=https://www.absecom.psu.edu/menus/user-pages/daily-menu.cfm, ContentLength=15108
2026-02-06 14:27:54.204 -05:00 [INF] Successfully fetched menu data: Method=POST, URL=https://www.absecom.psu.edu/menus/user-pages/daily-menu.cfm, ContentLength=19044
2026-02-06 14:27:54.216 -05:00 [INF] Successfully fetched menu data: Method=POST, URL=https://www.absecom.psu.edu/menus/user-pages/daily-menu.cfm, ContentLength=47866
2026-02-06 14:27:54.274 -05:00 [INF] Successfully fetched menu data: Method=POST, URL=https://www.absecom.psu.edu/menus/user-pages/daily-menu.cfm, ContentLength=40004
2026-02-06 14:27:54.276 -05:00 [INF] Successfully fetched menu data: Method=POST, URL=https://www.absecom.psu.edu/menus/user-pages/daily-menu.cfm, ContentLength=43293
2026-02-06 14:27:54.285 -05:00 [INF] Successfully fetched menu data: Method=POST, URL=https://www.absecom.psu.edu/menus/user-pages/daily-menu.cfm, ContentLength=38016
2026-02-06 14:27:54.285 -05:00 [INF] Successfully fetched menu data: Method=POST, URL=https://www.absecom.psu.edu/menus/user-pages/daily-menu.cfm, ContentLength=45348
2026-02-06 14:27:54.302 -05:00 [INF] Successfully fetched menu data: Method=POST, URL=https://www.absecom.psu.edu/menus/user-pages/daily-menu.cfm, ContentLength=15096
2026-02-06 14:27:54.336 -05:00 [INF] Successfully fetched menu data: Method=POST, URL=https://www.absecom.psu.edu/menus/user-pages/daily-menu.cfm, ContentLength=66723
2026-02-06 14:27:54.345 -05:00 [INF] Successfully fetched menu data: Method=POST, URL=https://www.absecom.psu.edu/menus/user-pages/daily-menu.cfm, ContentLength=19048
2026-02-06 14:27:54.354 -05:00 [INF] Successfully fetched menu data: Method=POST, URL=https://www.absecom.psu.edu/menus/user-pages/daily-menu.cfm, ContentLength=31504
2026-02-06 14:27:54.360 -05:00 [INF] Successfully fetched menu data: Method=POST, URL=https://www.absecom.psu.edu/menus/user-pages/daily-menu.cfm, ContentLength=15108
2026-02-06 14:27:54.465 -05:00 [INF] Successfully fetched menu data: Method=POST, URL=https://www.absecom.psu.edu/menus/user-pages/daily-menu.cfm, ContentLength=27648
2026-02-06 14:27:54.480 -05:00 [INF] Successfully fetched menu data: Method=POST, URL=https://www.absecom.psu.edu/menus/user-pages/daily-menu.cfm, ContentLength=28039
2026-02-06 14:27:54.510 -05:00 [INF] Successfully fetched menu data: Method=POST, URL=https://www.absecom.psu.edu/menus/user-pages/daily-menu.cfm, ContentLength=20303
2026-02-06 14:27:54.521 -05:00 [INF] Successfully fetched menu data: Method=POST, URL=https://www.absecom.psu.edu/menus/user-pages/daily-menu.cfm, ContentLength=41598
2026-02-06 14:27:54.562 -05:00 [INF] Successfully fetched menu data: Method=POST, URL=https://www.absecom.psu.edu/menus/user-pages/daily-menu.cfm, ContentLength=28726
2026-02-06 14:27:54.572 -05:00 [INF] Successfully fetched menu data: Method=POST, URL=https://www.absecom.psu.edu/menus/user-pages/daily-menu.cfm, ContentLength=15102
2026-02-06 14:27:54.607 -05:00 [INF] Successfully fetched menu data: Method=POST, URL=https://www.absecom.psu.edu/menus/user-pages/daily-menu.cfm, ContentLength=32224
2026-02-06 14:27:54.701 -05:00 [INF] Successfully fetched menu data: Method=POST, URL=https://www.absecom.psu.edu/menus/user-pages/daily-menu.cfm, ContentLength=27409
2026-02-06 14:27:54.775 -05:00 [INF] Successfully fetched menu data: Method=POST, URL=https://www.absecom.psu.edu/menus/user-pages/daily-menu.cfm, ContentLength=56334
2026-02-06 14:27:54.796 -05:00 [INF] Successfully fetched menu data: Method=POST, URL=https://www.absecom.psu.edu/menus/user-pages/daily-menu.cfm, ContentLength=15104
2026-02-06 14:27:54.816 -05:00 [INF] Successfully fetched menu data: Method=POST, URL=https://www.absecom.psu.edu/menus/user-pages/daily-menu.cfm, ContentLength=27491
2026-02-06 14:27:54.831 -05:00 [INF] Successfully fetched menu data: Method=POST, URL=https://www.absecom.psu.edu/menus/user-pages/daily-menu.cfm, ContentLength=30288
2026-02-06 14:27:54.876 -05:00 [INF] Successfully fetched menu data: Method=POST, URL=https://www.absecom.psu.edu/menus/user-pages/daily-menu.cfm, ContentLength=40432
2026-02-06 14:27:54.912 -05:00 [INF] Successfully fetched menu data: Method=POST, URL=https://www.absecom.psu.edu/menus/user-pages/daily-menu.cfm, ContentLength=34969
2026-02-06 14:27:54.929 -05:00 [INF] Successfully fetched menu data: Method=POST, URL=https://www.absecom.psu.edu/menus/user-pages/daily-menu.cfm, ContentLength=15118
2026-02-06 14:27:54.951 -05:00 [INF] Successfully fetched menu data: Method=POST, URL=https://www.absecom.psu.edu/menus/user-pages/daily-menu.cfm, ContentLength=17254
2026-02-06 14:27:54.994 -05:00 [INF] Successfully fetched menu data: Method=POST, URL=https://www.absecom.psu.edu/menus/user-pages/daily-menu.cfm, ContentLength=38339
2026-02-06 14:27:55.006 -05:00 [INF] Successfully fetched menu data: Method=POST, URL=https://www.absecom.psu.edu/menus/user-pages/daily-menu.cfm, ContentLength=36638
2026-02-06 14:27:55.025 -05:00 [INF] Successfully fetched menu data: Method=POST, URL=https://www.absecom.psu.edu/menus/user-pages/daily-menu.cfm, ContentLength=46647
2026-02-06 14:27:55.060 -05:00 [INF] Successfully fetched menu data: Method=POST, URL=https://www.absecom.psu.edu/menus/user-pages/daily-menu.cfm, ContentLength=54559
2026-02-06 14:27:55.125 -05:00 [INF] Successfully fetched menu data: Method=POST, URL=https://www.absecom.psu.edu/menus/user-pages/daily-menu.cfm, ContentLength=62755
2026-02-06 14:27:55.202 -05:00 [INF] Successfully fetched menu data: Method=POST, URL=https://www.absecom.psu.edu/menus/user-pages/daily-menu.cfm, ContentLength=15118
2026-02-06 14:27:55.204 -05:00 [INF] Successfully fetched menu data: Method=POST, URL=https://www.absecom.psu.edu/menus/user-pages/daily-menu.cfm, ContentLength=26131
2026-02-06 14:27:55.208 -05:00 [INF] Successfully fetched menu data: Method=POST, URL=https://www.absecom.psu.edu/menus/user-pages/daily-menu.cfm, ContentLength=40029
2026-02-06 14:27:55.281 -05:00 [INF] Successfully fetched menu data: Method=POST, URL=https://www.absecom.psu.edu/menus/user-pages/daily-menu.cfm, ContentLength=27601
2026-02-06 14:27:55.285 -05:00 [INF] Successfully fetched menu data: Method=POST, URL=https://www.absecom.psu.edu/menus/user-pages/daily-menu.cfm, ContentLength=28360
2026-02-06 14:27:55.291 -05:00 [INF] Successfully fetched menu data: Method=POST, URL=https://www.absecom.psu.edu/menus/user-pages/daily-menu.cfm, ContentLength=41427
2026-02-06 14:27:55.315 -05:00 [INF] Successfully fetched menu data: Method=POST, URL=https://www.absecom.psu.edu/menus/user-pages/daily-menu.cfm, ContentLength=35446
2026-02-06 14:27:55.337 -05:00 [INF] Successfully fetched menu data: Method=POST, URL=https://www.absecom.psu.edu/menus/user-pages/daily-menu.cfm, ContentLength=36657
2026-02-06 14:27:55.429 -05:00 [INF] Successfully fetched menu data: Method=POST, URL=https://www.absecom.psu.edu/menus/user-pages/daily-menu.cfm, ContentLength=15134
2026-02-06 14:27:55.437 -05:00 [INF] Successfully fetched menu data: Method=POST, URL=https://www.absecom.psu.edu/menus/user-pages/daily-menu.cfm, ContentLength=36048
2026-02-06 14:27:55.443 -05:00 [INF] Successfully fetched menu data: Method=POST, URL=https://www.absecom.psu.edu/menus/user-pages/daily-menu.cfm, ContentLength=34832
2026-02-06 14:27:55.455 -05:00 [INF] Successfully fetched menu data: Method=POST, URL=https://www.absecom.psu.edu/menus/user-pages/daily-menu.cfm, ContentLength=67195
2026-02-06 14:27:55.462 -05:00 [INF] Successfully fetched menu data: Method=POST, URL=https://www.absecom.psu.edu/menus/user-pages/daily-menu.cfm, ContentLength=78484
2026-02-06 14:27:55.520 -05:00 [INF] Successfully fetched menu data: Method=POST, URL=https://www.absecom.psu.edu/menus/user-pages/daily-menu.cfm, ContentLength=23758
2026-02-06 14:27:55.535 -05:00 [INF] Successfully fetched menu data: Method=POST, URL=https://www.absecom.psu.edu/menus/user-pages/daily-menu.cfm, ContentLength=15122
2026-02-06 14:27:55.624 -05:00 [INF] Successfully fetched menu data: Method=POST, URL=https://www.absecom.psu.edu/menus/user-pages/daily-menu.cfm, ContentLength=36209
2026-02-06 14:27:55.701 -05:00 [INF] Successfully fetched menu data: Method=POST, URL=https://www.absecom.psu.edu/menus/user-pages/daily-menu.cfm, ContentLength=34915
2026-02-06 14:27:55.714 -05:00 [INF] Successfully fetched menu data: Method=POST, URL=https://www.absecom.psu.edu/menus/user-pages/daily-menu.cfm, ContentLength=34401
2026-02-06 14:27:55.718 -05:00 [INF] Successfully fetched menu data: Method=POST, URL=https://www.absecom.psu.edu/menus/user-pages/daily-menu.cfm, ContentLength=31027
2026-02-06 14:27:55.720 -05:00 [INF] Successfully fetched menu data: Method=POST, URL=https://www.absecom.psu.edu/menus/user-pages/daily-menu.cfm, ContentLength=28534
2026-02-06 14:27:55.775 -05:00 [INF] Successfully fetched menu data: Method=POST, URL=https://www.absecom.psu.edu/menus/user-pages/daily-menu.cfm, ContentLength=30757
2026-02-06 14:27:55.794 -05:00 [INF] Successfully fetched menu data: Method=POST, URL=https://www.absecom.psu.edu/menus/user-pages/daily-menu.cfm, ContentLength=15134
2026-02-06 14:27:55.816 -05:00 [INF] Successfully fetched menu data: Method=POST, URL=https://www.absecom.psu.edu/menus/user-pages/daily-menu.cfm, ContentLength=15110
2026-02-06 14:27:55.854 -05:00 [INF] Successfully fetched menu data: Method=POST, URL=https://www.absecom.psu.edu/menus/user-pages/daily-menu.cfm, ContentLength=36864
2026-02-06 14:27:55.898 -05:00 [INF] Successfully fetched menu data: Method=POST, URL=https://www.absecom.psu.edu/menus/user-pages/daily-menu.cfm, ContentLength=15120
2026-02-06 14:27:55.947 -05:00 [INF] Successfully fetched menu data: Method=POST, URL=https://www.absecom.psu.edu/menus/user-pages/daily-menu.cfm, ContentLength=15122
2026-02-06 14:27:55.954 -05:00 [INF] Successfully fetched menu data: Method=POST, URL=https://www.absecom.psu.edu/menus/user-pages/daily-menu.cfm, ContentLength=28702
2026-02-06 14:27:55.975 -05:00 [INF] Successfully fetched menu data: Method=POST, URL=https://www.absecom.psu.edu/menus/user-pages/daily-menu.cfm, ContentLength=59517
2026-02-06 14:27:55.993 -05:00 [INF] Successfully fetched menu data: Method=POST, URL=https://www.absecom.psu.edu/menus/user-pages/daily-menu.cfm, ContentLength=26962
2026-02-06 14:27:55.993 -05:00 [INF] Successfully fetched menu data: Method=POST, URL=https://www.absecom.psu.edu/menus/user-pages/daily-menu.cfm, ContentLength=40908
2026-02-06 14:27:55.998 -05:00 [INF] Successfully fetched menu data: Method=POST, URL=https://www.absecom.psu.edu/menus/user-pages/daily-menu.cfm, ContentLength=45653
2026-02-06 14:27:56.018 -05:00 [INF] Successfully fetched menu data: Method=POST, URL=https://www.absecom.psu.edu/menus/user-pages/daily-menu.cfm, ContentLength=84673
2026-02-06 14:27:56.053 -05:00 [INF] Successfully fetched menu data: Method=POST, URL=https://www.absecom.psu.edu/menus/user-pages/daily-menu.cfm, ContentLength=15116
2026-02-06 14:27:56.083 -05:00 [INF] Successfully fetched menu data: Method=POST, URL=https://www.absecom.psu.edu/menus/user-pages/daily-menu.cfm, ContentLength=42793
2026-02-06 14:27:56.086 -05:00 [INF] Successfully fetched menu data: Method=POST, URL=https://www.absecom.psu.edu/menus/user-pages/daily-menu.cfm, ContentLength=27662
2026-02-06 14:27:56.086 -05:00 [INF] Successfully fetched menu data: Method=POST, URL=https://www.absecom.psu.edu/menus/user-pages/daily-menu.cfm, ContentLength=15110
2026-02-06 14:27:56.119 -05:00 [INF] Successfully fetched menu data: Method=POST, URL=https://www.absecom.psu.edu/menus/user-pages/daily-menu.cfm, ContentLength=18576
2026-02-06 14:27:56.123 -05:00 [INF] Successfully fetched menu data: Method=POST, URL=https://www.absecom.psu.edu/menus/user-pages/daily-menu.cfm, ContentLength=66802
2026-02-06 14:27:56.195 -05:00 [INF] Successfully fetched menu data: Method=POST, URL=https://www.absecom.psu.edu/menus/user-pages/daily-menu.cfm, ContentLength=19373
2026-02-06 14:27:56.198 -05:00 [INF] Successfully fetched menu data: Method=POST, URL=https://www.absecom.psu.edu/menus/user-pages/daily-menu.cfm, ContentLength=25315
2026-02-06 14:27:56.199 -05:00 [INF] Successfully fetched menu data: Method=POST, URL=https://www.absecom.psu.edu/menus/user-pages/daily-menu.cfm, ContentLength=15092
2026-02-06 14:27:56.201 -05:00 [INF] Successfully fetched menu data: Method=POST, URL=https://www.absecom.psu.edu/menus/user-pages/daily-menu.cfm, ContentLength=24694
2026-02-06 14:27:56.264 -05:00 [INF] Successfully fetched menu data: Method=POST, URL=https://www.absecom.psu.edu/menus/user-pages/daily-menu.cfm, ContentLength=22247
2026-02-06 14:27:56.268 -05:00 [INF] Successfully fetched menu data: Method=POST, URL=https://www.absecom.psu.edu/menus/user-pages/daily-menu.cfm, ContentLength=23109
2026-02-06 14:27:56.273 -05:00 [INF] Successfully fetched menu data: Method=POST, URL=https://www.absecom.psu.edu/menus/user-pages/daily-menu.cfm, ContentLength=48507
2026-02-06 14:27:56.285 -05:00 [INF] Successfully fetched menu data: Method=POST, URL=https://www.absecom.psu.edu/menus/user-pages/daily-menu.cfm, ContentLength=41253
2026-02-06 14:27:56.290 -05:00 [INF] Successfully fetched menu data: Method=POST, URL=https://www.absecom.psu.edu/menus/user-pages/daily-menu.cfm, ContentLength=15104
2026-02-06 14:27:56.292 -05:00 [INF] Successfully fetched menu data: Method=POST, URL=https://www.absecom.psu.edu/menus/user-pages/daily-menu.cfm, ContentLength=62940
2026-02-06 14:27:56.304 -05:00 [INF] Successfully fetched menu data: Method=POST, URL=https://www.absecom.psu.edu/menus/user-pages/daily-menu.cfm, ContentLength=36972
2026-02-06 14:27:56.306 -05:00 [INF] Successfully fetched menu data: Method=POST, URL=https://www.absecom.psu.edu/menus/user-pages/daily-menu.cfm, ContentLength=15098
2026-02-06 14:27:56.402 -05:00 [INF] Successfully fetched menu data: Method=POST, URL=https://www.absecom.psu.edu/menus/user-pages/daily-menu.cfm, ContentLength=15094
2026-02-06 14:27:56.403 -05:00 [INF] Successfully fetched menu data: Method=POST, URL=https://www.absecom.psu.edu/menus/user-pages/daily-menu.cfm, ContentLength=19040
2026-02-06 14:27:56.403 -05:00 [INF] Successfully fetched menu data: Method=POST, URL=https://www.absecom.psu.edu/menus/user-pages/daily-menu.cfm, ContentLength=26032
2026-02-06 14:27:56.403 -05:00 [INF] Successfully fetched menu data: Method=POST, URL=https://www.absecom.psu.edu/menus/user-pages/daily-menu.cfm, ContentLength=20305
2026-02-06 14:27:56.405 -05:00 [INF] Successfully fetched menu data: Method=POST, URL=https://www.absecom.psu.edu/menus/user-pages/daily-menu.cfm, ContentLength=15098
2026-02-06 14:27:56.410 -05:00 [INF] Successfully fetched menu data: Method=POST, URL=https://www.absecom.psu.edu/menus/user-pages/daily-menu.cfm, ContentLength=22069
2026-02-06 14:27:56.410 -05:00 [INF] Successfully fetched menu data: Method=POST, URL=https://www.absecom.psu.edu/menus/user-pages/daily-menu.cfm, ContentLength=39088
2026-02-06 14:27:56.481 -05:00 [INF] Successfully fetched menu data: Method=POST, URL=https://www.absecom.psu.edu/menus/user-pages/daily-menu.cfm, ContentLength=17595
2026-02-06 14:27:56.483 -05:00 [INF] Successfully fetched menu data: Method=POST, URL=https://www.absecom.psu.edu/menus/user-pages/daily-menu.cfm, ContentLength=23790
2026-02-06 14:27:56.498 -05:00 [INF] Successfully fetched menu data: Method=POST, URL=https://www.absecom.psu.edu/menus/user-pages/daily-menu.cfm, ContentLength=27150
2026-02-06 14:27:56.509 -05:00 [INF] Successfully fetched menu data: Method=POST, URL=https://www.absecom.psu.edu/menus/user-pages/daily-menu.cfm, ContentLength=15120
2026-02-06 14:27:56.584 -05:00 [INF] Successfully fetched menu data: Method=POST, URL=https://www.absecom.psu.edu/menus/user-pages/daily-menu.cfm, ContentLength=15124
2026-02-06 14:27:56.599 -05:00 [INF] Successfully fetched menu data: Method=POST, URL=https://www.absecom.psu.edu/menus/user-pages/daily-menu.cfm, ContentLength=15116
2026-02-06 14:27:56.615 -05:00 [INF] Successfully fetched menu data: Method=POST, URL=https://www.absecom.psu.edu/menus/user-pages/daily-menu.cfm, ContentLength=48389
2026-02-06 14:27:56.710 -05:00 [INF] Successfully fetched menu data: Method=POST, URL=https://www.absecom.psu.edu/menus/user-pages/daily-menu.cfm, ContentLength=29707
2026-02-06 14:27:56.717 -05:00 [INF] Successfully fetched menu data: Method=POST, URL=https://www.absecom.psu.edu/menus/user-pages/daily-menu.cfm, ContentLength=47053
2026-02-06 14:27:56.733 -05:00 [INF] Successfully fetched menu data: Method=POST, URL=https://www.absecom.psu.edu/menus/user-pages/daily-menu.cfm, ContentLength=31506
2026-02-06 14:27:56.793 -05:00 [INF] Successfully fetched menu data: Method=POST, URL=https://www.absecom.psu.edu/menus/user-pages/daily-menu.cfm, ContentLength=41444
2026-02-06 14:27:56.804 -05:00 [INF] Successfully fetched menu data: Method=POST, URL=https://www.absecom.psu.edu/menus/user-pages/daily-menu.cfm, ContentLength=15112
2026-02-06 14:27:56.838 -05:00 [INF] Successfully fetched menu data: Method=POST, URL=https://www.absecom.psu.edu/menus/user-pages/daily-menu.cfm, ContentLength=43856
2026-02-06 14:27:56.840 -05:00 [INF] Successfully fetched menu data: Method=POST, URL=https://www.absecom.psu.edu/menus/user-pages/daily-menu.cfm, ContentLength=24243
2026-02-06 14:27:56.853 -05:00 [INF] Successfully fetched menu data: Method=POST, URL=https://www.absecom.psu.edu/menus/user-pages/daily-menu.cfm, ContentLength=33180
2026-02-06 14:27:56.867 -05:00 [INF] Successfully fetched menu data: Method=POST, URL=https://www.absecom.psu.edu/menus/user-pages/daily-menu.cfm, ContentLength=32220
2026-02-06 14:27:56.877 -05:00 [INF] Successfully fetched menu data: Method=POST, URL=https://www.absecom.psu.edu/menus/user-pages/daily-menu.cfm, ContentLength=19528
2026-02-06 14:27:56.894 -05:00 [INF] Successfully fetched menu data: Method=POST, URL=https://www.absecom.psu.edu/menus/user-pages/daily-menu.cfm, ContentLength=36549
2026-02-06 14:27:56.904 -05:00 [INF] Successfully fetched menu data: Method=POST, URL=https://www.absecom.psu.edu/menus/user-pages/daily-menu.cfm, ContentLength=15102
2026-02-06 14:27:56.926 -05:00 [INF] Successfully fetched menu data: Method=POST, URL=https://www.absecom.psu.edu/menus/user-pages/daily-menu.cfm, ContentLength=54126
2026-02-06 14:27:56.933 -05:00 [INF] Successfully fetched menu data: Method=POST, URL=https://www.absecom.psu.edu/menus/user-pages/daily-menu.cfm, ContentLength=56520
2026-02-06 14:27:56.939 -05:00 [INF] Successfully fetched menu data: Method=POST, URL=https://www.absecom.psu.edu/menus/user-pages/daily-menu.cfm, ContentLength=15104
2026-02-06 14:27:56.961 -05:00 [INF] Successfully fetched menu data: Method=POST, URL=https://www.absecom.psu.edu/menus/user-pages/daily-menu.cfm, ContentLength=17250
2026-02-06 14:27:56.992 -05:00 [INF] Successfully fetched menu data: Method=POST, URL=https://www.absecom.psu.edu/menus/user-pages/daily-menu.cfm, ContentLength=38834
2026-02-06 14:27:57.023 -05:00 [INF] Successfully fetched menu data: Method=POST, URL=https://www.absecom.psu.edu/menus/user-pages/daily-menu.cfm, ContentLength=40136
2026-02-06 14:27:57.040 -05:00 [INF] Successfully fetched menu data: Method=POST, URL=https://www.absecom.psu.edu/menus/user-pages/daily-menu.cfm, ContentLength=27697
2026-02-06 14:27:57.142 -05:00 [INF] Successfully fetched menu data: Method=POST, URL=https://www.absecom.psu.edu/menus/user-pages/daily-menu.cfm, ContentLength=15130
2026-02-06 14:27:57.146 -05:00 [INF] Successfully fetched menu data: Method=POST, URL=https://www.absecom.psu.edu/menus/user-pages/daily-menu.cfm, ContentLength=32990
2026-02-06 14:27:57.214 -05:00 [INF] Successfully fetched menu data: Method=POST, URL=https://www.absecom.psu.edu/menus/user-pages/daily-menu.cfm, ContentLength=28528
2026-02-06 14:27:57.221 -05:00 [INF] Successfully fetched menu data: Method=POST, URL=https://www.absecom.psu.edu/menus/user-pages/daily-menu.cfm, ContentLength=36659
2026-02-06 14:27:57.276 -05:00 [INF] Successfully fetched menu data: Method=POST, URL=https://www.absecom.psu.edu/menus/user-pages/daily-menu.cfm, ContentLength=33875
2026-02-06 14:27:57.279 -05:00 [INF] Successfully fetched menu data: Method=POST, URL=https://www.absecom.psu.edu/menus/user-pages/daily-menu.cfm, ContentLength=40176
2026-02-06 14:27:57.284 -05:00 [INF] Successfully fetched menu data: Method=POST, URL=https://www.absecom.psu.edu/menus/user-pages/daily-menu.cfm, ContentLength=36698
2026-02-06 14:27:57.286 -05:00 [INF] Successfully fetched menu data: Method=POST, URL=https://www.absecom.psu.edu/menus/user-pages/daily-menu.cfm, ContentLength=36223
2026-02-06 14:27:57.304 -05:00 [INF] Successfully fetched menu data: Method=POST, URL=https://www.absecom.psu.edu/menus/user-pages/daily-menu.cfm, ContentLength=54561
2026-02-06 14:27:57.310 -05:00 [INF] Successfully fetched menu data: Method=POST, URL=https://www.absecom.psu.edu/menus/user-pages/daily-menu.cfm, ContentLength=15090
2026-02-06 14:27:57.322 -05:00 [INF] Successfully fetched menu data: Method=POST, URL=https://www.absecom.psu.edu/menus/user-pages/daily-menu.cfm, ContentLength=75523
2026-02-06 14:27:57.343 -05:00 [INF] Successfully fetched menu data: Method=POST, URL=https://www.absecom.psu.edu/menus/user-pages/daily-menu.cfm, ContentLength=24856
2026-02-06 14:27:57.371 -05:00 [INF] Successfully fetched menu data: Method=POST, URL=https://www.absecom.psu.edu/menus/user-pages/daily-menu.cfm, ContentLength=41533
2026-02-06 14:27:57.375 -05:00 [INF] Successfully fetched menu data: Method=POST, URL=https://www.absecom.psu.edu/menus/user-pages/daily-menu.cfm, ContentLength=15112
2026-02-06 14:27:57.402 -05:00 [INF] Successfully fetched menu data: Method=POST, URL=https://www.absecom.psu.edu/menus/user-pages/daily-menu.cfm, ContentLength=15130
2026-02-06 14:27:57.406 -05:00 [INF] Successfully fetched menu data: Method=POST, URL=https://www.absecom.psu.edu/menus/user-pages/daily-menu.cfm, ContentLength=33408
2026-02-06 14:27:57.545 -05:00 [INF] Successfully fetched menu data: Method=POST, URL=https://www.absecom.psu.edu/menus/user-pages/daily-menu.cfm, ContentLength=40743
2026-02-06 14:27:57.568 -05:00 [INF] Successfully fetched menu data: Method=POST, URL=https://www.absecom.psu.edu/menus/user-pages/daily-menu.cfm, ContentLength=46178
2026-02-06 14:27:57.574 -05:00 [INF] Successfully fetched menu data: Method=POST, URL=https://www.absecom.psu.edu/menus/user-pages/daily-menu.cfm, ContentLength=32241
2026-02-06 14:27:57.630 -05:00 [INF] Successfully fetched menu data: Method=POST, URL=https://www.absecom.psu.edu/menus/user-pages/daily-menu.cfm, ContentLength=34045
2026-02-06 14:27:57.656 -05:00 [INF] Successfully fetched menu data: Method=POST, URL=https://www.absecom.psu.edu/menus/user-pages/daily-menu.cfm, ContentLength=45170
2026-02-06 14:27:57.668 -05:00 [INF] Successfully fetched menu data: Method=POST, URL=https://www.absecom.psu.edu/menus/user-pages/daily-menu.cfm, ContentLength=15130
2026-02-06 14:27:57.687 -05:00 [INF] Successfully fetched menu data: Method=POST, URL=https://www.absecom.psu.edu/menus/user-pages/daily-menu.cfm, ContentLength=27966
2026-02-06 14:27:57.689 -05:00 [INF] Successfully fetched menu data: Method=POST, URL=https://www.absecom.psu.edu/menus/user-pages/daily-menu.cfm, ContentLength=23112
2026-02-06 14:27:57.712 -05:00 [INF] Successfully fetched menu data: Method=POST, URL=https://www.absecom.psu.edu/menus/user-pages/daily-menu.cfm, ContentLength=38691
2026-02-06 14:27:57.750 -05:00 [INF] Successfully fetched menu data: Method=POST, URL=https://www.absecom.psu.edu/menus/user-pages/daily-menu.cfm, ContentLength=44437
2026-02-06 14:27:57.785 -05:00 [INF] Successfully fetched menu data: Method=POST, URL=https://www.absecom.psu.edu/menus/user-pages/daily-menu.cfm, ContentLength=41823
2026-02-06 14:27:57.828 -05:00 [INF] Successfully fetched menu data: Method=POST, URL=https://www.absecom.psu.edu/menus/user-pages/daily-menu.cfm, ContentLength=48385
2026-02-06 14:27:57.880 -05:00 [INF] Successfully fetched menu data: Method=POST, URL=https://www.absecom.psu.edu/menus/user-pages/daily-menu.cfm, ContentLength=28541
2026-02-06 14:27:57.925 -05:00 [INF] Successfully fetched menu data: Method=POST, URL=https://www.absecom.psu.edu/menus/user-pages/daily-menu.cfm, ContentLength=26125
2026-02-06 14:27:58.017 -05:00 [INF] Successfully fetched menu data: Method=POST, URL=https://www.absecom.psu.edu/menus/user-pages/daily-menu.cfm, ContentLength=32171
2026-02-06 14:27:58.037 -05:00 [INF] Successfully fetched menu data: Method=POST, URL=https://www.absecom.psu.edu/menus/user-pages/daily-menu.cfm, ContentLength=52989
2026-02-06 14:27:58.054 -05:00 [INF] Successfully fetched menu data: Method=POST, URL=https://www.absecom.psu.edu/menus/user-pages/daily-menu.cfm, ContentLength=31430
2026-02-06 14:27:58.064 -05:00 [INF] Successfully fetched menu data: Method=POST, URL=https://www.absecom.psu.edu/menus/user-pages/daily-menu.cfm, ContentLength=85468
2026-02-06 14:27:58.109 -05:00 [INF] Successfully fetched menu data: Method=POST, URL=https://www.absecom.psu.edu/menus/user-pages/daily-menu.cfm, ContentLength=61943
2026-02-06 14:27:58.118 -05:00 [INF] Successfully fetched menu data: Method=POST, URL=https://www.absecom.psu.edu/menus/user-pages/daily-menu.cfm, ContentLength=39233
2026-02-06 14:27:58.131 -05:00 [INF] Successfully fetched menu data: Method=POST, URL=https://www.absecom.psu.edu/menus/user-pages/daily-menu.cfm, ContentLength=15126
2026-02-06 14:27:58.209 -05:00 [INF] Successfully fetched menu data: Method=POST, URL=https://www.absecom.psu.edu/menus/user-pages/daily-menu.cfm, ContentLength=63538
2026-02-06 14:27:58.213 -05:00 [INF] Successfully fetched menu data: Method=POST, URL=https://www.absecom.psu.edu/menus/user-pages/daily-menu.cfm, ContentLength=66630
2026-02-06 14:27:58.260 -05:00 [INF] Successfully fetched menu data: Method=POST, URL=https://www.absecom.psu.edu/menus/user-pages/daily-menu.cfm, ContentLength=23484
2026-02-06 14:27:58.268 -05:00 [INF] Successfully fetched menu data: Method=POST, URL=https://www.absecom.psu.edu/menus/user-pages/daily-menu.cfm, ContentLength=39061
2026-02-06 14:27:58.269 -05:00 [INF] Successfully fetched menu data: Method=POST, URL=https://www.absecom.psu.edu/menus/user-pages/daily-menu.cfm, ContentLength=44714
2026-02-06 14:27:58.363 -05:00 [INF] Successfully fetched menu data: Method=POST, URL=https://www.absecom.psu.edu/menus/user-pages/daily-menu.cfm, ContentLength=15118
2026-02-06 14:27:58.367 -05:00 [INF] Successfully fetched menu data: Method=POST, URL=https://www.absecom.psu.edu/menus/user-pages/daily-menu.cfm, ContentLength=45230
2026-02-06 14:27:58.399 -05:00 [INF] Successfully fetched menu data: Method=POST, URL=https://www.absecom.psu.edu/menus/user-pages/daily-menu.cfm, ContentLength=41682
2026-02-06 14:27:58.413 -05:00 [INF] Successfully fetched menu data: Method=POST, URL=https://www.absecom.psu.edu/menus/user-pages/daily-menu.cfm, ContentLength=60936
2026-02-06 14:27:58.426 -05:00 [INF] Successfully fetched menu data: Method=POST, URL=https://www.absecom.psu.edu/menus/user-pages/daily-menu.cfm, ContentLength=27159
2026-02-06 14:27:58.496 -05:00 [INF] Successfully fetched menu data: Method=POST, URL=https://www.absecom.psu.edu/menus/user-pages/daily-menu.cfm, ContentLength=15098
2026-02-06 14:27:58.498 -05:00 [INF] Successfully fetched menu data: Method=POST, URL=https://www.absecom.psu.edu/menus/user-pages/daily-menu.cfm, ContentLength=62942
2026-02-06 14:27:58.557 -05:00 [INF] Successfully fetched menu data: Method=POST, URL=https://www.absecom.psu.edu/menus/user-pages/daily-menu.cfm, ContentLength=63070
2026-02-06 14:27:58.593 -05:00 [INF] Successfully fetched menu data: Method=POST, URL=https://www.absecom.psu.edu/menus/user-pages/daily-menu.cfm, ContentLength=34826
2026-02-06 14:27:58.598 -05:00 [INF] Successfully fetched menu data: Method=POST, URL=https://www.absecom.psu.edu/menus/user-pages/daily-menu.cfm, ContentLength=38068
2026-02-06 14:27:58.613 -05:00 [INF] Successfully fetched menu data: Method=POST, URL=https://www.absecom.psu.edu/menus/user-pages/daily-menu.cfm, ContentLength=54397
2026-02-06 14:27:58.622 -05:00 [INF] Successfully fetched menu data: Method=POST, URL=https://www.absecom.psu.edu/menus/user-pages/daily-menu.cfm, ContentLength=42915
2026-02-06 14:27:58.629 -05:00 [INF] Successfully fetched menu data: Method=POST, URL=https://www.absecom.psu.edu/menus/user-pages/daily-menu.cfm, ContentLength=44724
2026-02-06 14:27:58.646 -05:00 [INF] Successfully fetched menu data: Method=POST, URL=https://www.absecom.psu.edu/menus/user-pages/daily-menu.cfm, ContentLength=36273
2026-02-06 14:27:58.720 -05:00 [INF] Successfully fetched menu data: Method=POST, URL=https://www.absecom.psu.edu/menus/user-pages/daily-menu.cfm, ContentLength=40810
2026-02-06 14:27:58.736 -05:00 [INF] Successfully fetched menu data: Method=POST, URL=https://www.absecom.psu.edu/menus/user-pages/daily-menu.cfm, ContentLength=19365
2026-02-06 14:27:58.761 -05:00 [INF] Successfully fetched menu data: Method=POST, URL=https://www.absecom.psu.edu/menus/user-pages/daily-menu.cfm, ContentLength=37398
2026-02-06 14:27:58.839 -05:00 [INF] Successfully fetched menu data: Method=POST, URL=https://www.absecom.psu.edu/menus/user-pages/daily-menu.cfm, ContentLength=26351
2026-02-06 14:27:58.903 -05:00 [INF] Successfully fetched menu data: Method=POST, URL=https://www.absecom.psu.edu/menus/user-pages/daily-menu.cfm, ContentLength=40886
2026-02-06 14:27:58.910 -05:00 [INF] Successfully fetched menu data: Method=POST, URL=https://www.absecom.psu.edu/menus/user-pages/daily-menu.cfm, ContentLength=85410
2026-02-06 14:27:58.931 -05:00 [INF] Successfully fetched menu data: Method=POST, URL=https://www.absecom.psu.edu/menus/user-pages/daily-menu.cfm, ContentLength=47021
2026-02-06 14:27:58.935 -05:00 [INF] Successfully fetched menu data: Method=POST, URL=https://www.absecom.psu.edu/menus/user-pages/daily-menu.cfm, ContentLength=29230
2026-02-06 14:27:58.951 -05:00 [INF] Successfully fetched menu data: Method=POST, URL=https://www.absecom.psu.edu/menus/user-pages/daily-menu.cfm, ContentLength=40296
2026-02-06 14:27:58.974 -05:00 [INF] Successfully fetched menu data: Method=POST, URL=https://www.absecom.psu.edu/menus/user-pages/daily-menu.cfm, ContentLength=35628
2026-02-06 14:27:58.980 -05:00 [INF] Successfully fetched menu data: Method=POST, URL=https://www.absecom.psu.edu/menus/user-pages/daily-menu.cfm, ContentLength=47769
2026-02-06 14:27:59.033 -05:00 [INF] Successfully fetched menu data: Method=POST, URL=https://www.absecom.psu.edu/menus/user-pages/daily-menu.cfm, ContentLength=40350
2026-02-06 14:27:59.035 -05:00 [INF] Successfully fetched menu data: Method=POST, URL=https://www.absecom.psu.edu/menus/user-pages/daily-menu.cfm, ContentLength=23104
2026-02-06 14:27:59.040 -05:00 [INF] Successfully fetched menu data: Method=POST, URL=https://www.absecom.psu.edu/menus/user-pages/daily-menu.cfm, ContentLength=19581
2026-02-06 14:27:59.103 -05:00 [INF] Successfully fetched menu data: Method=POST, URL=https://www.absecom.psu.edu/menus/user-pages/daily-menu.cfm, ContentLength=15114
2026-02-06 14:27:59.107 -05:00 [INF] Successfully fetched menu data: Method=POST, URL=https://www.absecom.psu.edu/menus/user-pages/daily-menu.cfm, ContentLength=46812
2026-02-06 14:27:59.120 -05:00 [INF] Successfully fetched menu data: Method=POST, URL=https://www.absecom.psu.edu/menus/user-pages/daily-menu.cfm, ContentLength=36921
2026-02-06 14:27:59.120 -05:00 [INF] Successfully fetched menu data: Method=POST, URL=https://www.absecom.psu.edu/menus/user-pages/daily-menu.cfm, ContentLength=15106
2026-02-06 14:27:59.140 -05:00 [INF] Successfully fetched menu data: Method=POST, URL=https://www.absecom.psu.edu/menus/user-pages/daily-menu.cfm, ContentLength=15114
2026-02-06 14:27:59.144 -05:00 [INF] Successfully fetched menu data: Method=POST, URL=https://www.absecom.psu.edu/menus/user-pages/daily-menu.cfm, ContentLength=15106
2026-02-06 14:27:59.154 -05:00 [INF] Successfully fetched menu data: Method=POST, URL=https://www.absecom.psu.edu/menus/user-pages/daily-menu.cfm, ContentLength=25317
2026-02-06 14:27:59.156 -05:00 [INF] Successfully fetched menu data: Method=POST, URL=https://www.absecom.psu.edu/menus/user-pages/daily-menu.cfm, ContentLength=31062
2026-02-06 14:27:59.227 -05:00 [INF] Successfully fetched menu data: Method=POST, URL=https://www.absecom.psu.edu/menus/user-pages/daily-menu.cfm, ContentLength=45716
2026-02-06 14:27:59.235 -05:00 [INF] Successfully fetched menu data: Method=POST, URL=https://www.absecom.psu.edu/menus/user-pages/daily-menu.cfm, ContentLength=59688
2026-02-06 14:27:59.236 -05:00 [INF] Successfully fetched menu data: Method=POST, URL=https://www.absecom.psu.edu/menus/user-pages/daily-menu.cfm, ContentLength=46645
2026-02-06 14:27:59.248 -05:00 [INF] Successfully fetched menu data: Method=POST, URL=https://www.absecom.psu.edu/menus/user-pages/daily-menu.cfm, ContentLength=67760
2026-02-06 14:27:59.252 -05:00 [INF] Successfully fetched menu data: Method=POST, URL=https://www.absecom.psu.edu/menus/user-pages/daily-menu.cfm, ContentLength=34834
2026-02-06 14:27:59.305 -05:00 [INF] Successfully fetched menu data: Method=POST, URL=https://www.absecom.psu.edu/menus/user-pages/daily-menu.cfm, ContentLength=23108
2026-02-06 14:27:59.307 -05:00 [INF] Successfully fetched menu data: Method=POST, URL=https://www.absecom.psu.edu/menus/user-pages/daily-menu.cfm, ContentLength=23101
2026-02-06 14:27:59.307 -05:00 [INF] Successfully fetched menu data: Method=POST, URL=https://www.absecom.psu.edu/menus/user-pages/daily-menu.cfm, ContentLength=20376
2026-02-06 14:27:59.324 -05:00 [INF] Successfully fetched menu data: Method=POST, URL=https://www.absecom.psu.edu/menus/user-pages/daily-menu.cfm, ContentLength=42786
2026-02-06 14:27:59.363 -05:00 [INF] Successfully fetched menu data: Method=POST, URL=https://www.absecom.psu.edu/menus/user-pages/daily-menu.cfm, ContentLength=57632
2026-02-06 14:27:59.376 -05:00 [INF] Successfully fetched menu data: Method=POST, URL=https://www.absecom.psu.edu/menus/user-pages/daily-menu.cfm, ContentLength=26133
2026-02-06 14:27:59.392 -05:00 [INF] Successfully fetched menu data: Method=POST, URL=https://www.absecom.psu.edu/menus/user-pages/daily-menu.cfm, ContentLength=28059
2026-02-06 14:27:59.477 -05:00 [INF] Successfully fetched menu data: Method=POST, URL=https://www.absecom.psu.edu/menus/user-pages/daily-menu.cfm, ContentLength=21104
2026-02-06 14:27:59.478 -05:00 [INF] Successfully fetched menu data: Method=POST, URL=https://www.absecom.psu.edu/menus/user-pages/daily-menu.cfm, ContentLength=20297
2026-02-06 14:27:59.488 -05:00 [INF] Successfully fetched menu data: Method=POST, URL=https://www.absecom.psu.edu/menus/user-pages/daily-menu.cfm, ContentLength=56261
2026-02-06 14:27:59.497 -05:00 [INF] Successfully fetched menu data: Method=POST, URL=https://www.absecom.psu.edu/menus/user-pages/daily-menu.cfm, ContentLength=27331
2026-02-06 14:27:59.497 -05:00 [INF] Successfully fetched menu data: Method=POST, URL=https://www.absecom.psu.edu/menus/user-pages/daily-menu.cfm, ContentLength=26443
2026-02-06 14:27:59.513 -05:00 [INF] Successfully fetched menu data: Method=POST, URL=https://www.absecom.psu.edu/menus/user-pages/daily-menu.cfm, ContentLength=41830
2026-02-06 14:27:59.627 -05:00 [INF] Successfully fetched menu data: Method=POST, URL=https://www.absecom.psu.edu/menus/user-pages/daily-menu.cfm, ContentLength=41286
2026-02-06 14:27:59.705 -05:00 [INF] Successfully fetched menu data: Method=POST, URL=https://www.absecom.psu.edu/menus/user-pages/daily-menu.cfm, ContentLength=39667
2026-02-06 14:27:59.707 -05:00 [INF] Successfully fetched menu data: Method=POST, URL=https://www.absecom.psu.edu/menus/user-pages/daily-menu.cfm, ContentLength=38246
2026-02-06 14:27:59.746 -05:00 [INF] Successfully fetched menu data: Method=POST, URL=https://www.absecom.psu.edu/menus/user-pages/daily-menu.cfm, ContentLength=24070
2026-02-06 14:27:59.766 -05:00 [INF] Successfully fetched menu data: Method=POST, URL=https://www.absecom.psu.edu/menus/user-pages/daily-menu.cfm, ContentLength=36143
2026-02-06 14:27:59.835 -05:00 [INF] Successfully fetched menu data: Method=POST, URL=https://www.absecom.psu.edu/menus/user-pages/daily-menu.cfm, ContentLength=40623
2026-02-06 14:27:59.853 -05:00 [INF] Successfully fetched menu data: Method=POST, URL=https://www.absecom.psu.edu/menus/user-pages/daily-menu.cfm, ContentLength=27412
2026-02-06 14:27:59.857 -05:00 [INF] Successfully fetched menu data: Method=POST, URL=https://www.absecom.psu.edu/menus/user-pages/daily-menu.cfm, ContentLength=36655
2026-02-06 14:27:59.862 -05:00 [INF] Successfully fetched menu data: Method=POST, URL=https://www.absecom.psu.edu/menus/user-pages/daily-menu.cfm, ContentLength=62181
2026-02-06 14:27:59.863 -05:00 [INF] Successfully fetched menu data: Method=POST, URL=https://www.absecom.psu.edu/menus/user-pages/daily-menu.cfm, ContentLength=40957
2026-02-06 14:27:59.929 -05:00 [INF] Successfully fetched menu data: Method=POST, URL=https://www.absecom.psu.edu/menus/user-pages/daily-menu.cfm, ContentLength=38612
2026-02-06 14:27:59.931 -05:00 [INF] Successfully fetched menu data: Method=POST, URL=https://www.absecom.psu.edu/menus/user-pages/daily-menu.cfm, ContentLength=40702
2026-02-06 14:27:59.969 -05:00 [INF] Successfully fetched menu data: Method=POST, URL=https://www.absecom.psu.edu/menus/user-pages/daily-menu.cfm, ContentLength=27820
2026-02-06 14:27:59.998 -05:00 [INF] Successfully fetched menu data: Method=POST, URL=https://www.absecom.psu.edu/menus/user-pages/daily-menu.cfm, ContentLength=21167
2026-02-06 14:28:00.029 -05:00 [INF] Successfully fetched menu data: Method=POST, URL=https://www.absecom.psu.edu/menus/user-pages/daily-menu.cfm, ContentLength=42521
2026-02-06 14:28:00.064 -05:00 [INF] Successfully fetched menu data: Method=POST, URL=https://www.absecom.psu.edu/menus/user-pages/daily-menu.cfm, ContentLength=56017
2026-02-06 14:28:00.142 -05:00 [INF] Successfully fetched menu data: Method=POST, URL=https://www.absecom.psu.edu/menus/user-pages/daily-menu.cfm, ContentLength=61351
2026-02-06 14:28:00.147 -05:00 [INF] Successfully fetched menu data: Method=POST, URL=https://www.absecom.psu.edu/menus/user-pages/daily-menu.cfm, ContentLength=34261
2026-02-06 14:28:00.147 -05:00 [INF] Successfully fetched menu data: Method=POST, URL=https://www.absecom.psu.edu/menus/user-pages/daily-menu.cfm, ContentLength=53802
2026-02-06 14:28:00.168 -05:00 [INF] Successfully fetched menu data: Method=POST, URL=https://www.absecom.psu.edu/menus/user-pages/daily-menu.cfm, ContentLength=67277
2026-02-06 14:28:00.218 -05:00 [INF] Successfully fetched menu data: Method=POST, URL=https://www.absecom.psu.edu/menus/user-pages/daily-menu.cfm, ContentLength=36651
2026-02-06 14:28:00.224 -05:00 [INF] Successfully fetched menu data: Method=POST, URL=https://www.absecom.psu.edu/menus/user-pages/daily-menu.cfm, ContentLength=40463
2026-02-06 14:28:00.234 -05:00 [INF] Successfully fetched menu data: Method=POST, URL=https://www.absecom.psu.edu/menus/user-pages/daily-menu.cfm, ContentLength=48115
2026-02-06 14:28:00.278 -05:00 [INF] Successfully fetched menu data: Method=POST, URL=https://www.absecom.psu.edu/menus/user-pages/daily-menu.cfm, ContentLength=15102
2026-02-06 14:28:00.281 -05:00 [INF] Successfully fetched menu data: Method=POST, URL=https://www.absecom.psu.edu/menus/user-pages/daily-menu.cfm, ContentLength=26129
2026-02-06 14:28:00.282 -05:00 [INF] Successfully fetched menu data: Method=POST, URL=https://www.absecom.psu.edu/menus/user-pages/daily-menu.cfm, ContentLength=28772
2026-02-06 14:28:00.295 -05:00 [INF] Successfully fetched menu data: Method=POST, URL=https://www.absecom.psu.edu/menus/user-pages/daily-menu.cfm, ContentLength=33806
2026-02-06 14:28:00.295 -05:00 [INF] Successfully fetched menu data: Method=POST, URL=https://www.absecom.psu.edu/menus/user-pages/daily-menu.cfm, ContentLength=47590
2026-02-06 14:28:00.326 -05:00 [INF] Successfully fetched menu data: Method=POST, URL=https://www.absecom.psu.edu/menus/user-pages/daily-menu.cfm, ContentLength=65905
2026-02-06 14:28:00.351 -05:00 [INF] Successfully fetched menu data: Method=POST, URL=https://www.absecom.psu.edu/menus/user-pages/daily-menu.cfm, ContentLength=19369
2026-02-06 14:28:00.455 -05:00 [INF] Successfully fetched menu data: Method=POST, URL=https://www.absecom.psu.edu/menus/user-pages/daily-menu.cfm, ContentLength=22413
2026-02-06 14:28:00.456 -05:00 [INF] Successfully fetched menu data: Method=POST, URL=https://www.absecom.psu.edu/menus/user-pages/daily-menu.cfm, ContentLength=23105
2026-02-06 14:28:00.458 -05:00 [INF] Successfully fetched menu data: Method=POST, URL=https://www.absecom.psu.edu/menus/user-pages/daily-menu.cfm, ContentLength=27812
2026-02-06 14:28:00.459 -05:00 [INF] Successfully fetched menu data: Method=POST, URL=https://www.absecom.psu.edu/menus/user-pages/daily-menu.cfm, ContentLength=28219
2026-02-06 14:28:00.468 -05:00 [INF] Successfully fetched menu data: Method=POST, URL=https://www.absecom.psu.edu/menus/user-pages/daily-menu.cfm, ContentLength=46641
2026-02-06 14:28:00.469 -05:00 [INF] Successfully fetched menu data: Method=POST, URL=https://www.absecom.psu.edu/menus/user-pages/daily-menu.cfm, ContentLength=45958
2026-02-06 14:28:00.471 -05:00 [INF] Successfully fetched menu data: Method=POST, URL=https://www.absecom.psu.edu/menus/user-pages/daily-menu.cfm, ContentLength=43400
2026-02-06 14:28:00.498 -05:00 [INF] Successfully fetched menu data: Method=POST, URL=https://www.absecom.psu.edu/menus/user-pages/daily-menu.cfm, ContentLength=27980
2026-02-06 14:28:00.530 -05:00 [INF] Successfully fetched menu data: Method=POST, URL=https://www.absecom.psu.edu/menus/user-pages/daily-menu.cfm, ContentLength=25309
2026-02-06 14:28:00.543 -05:00 [INF] Successfully fetched menu data: Method=POST, URL=https://www.absecom.psu.edu/menus/user-pages/daily-menu.cfm, ContentLength=37767
2026-02-06 14:28:00.590 -05:00 [INF] Successfully fetched menu data: Method=POST, URL=https://www.absecom.psu.edu/menus/user-pages/daily-menu.cfm, ContentLength=45668
2026-02-06 14:28:00.614 -05:00 [INF] Successfully fetched menu data: Method=POST, URL=https://www.absecom.psu.edu/menus/user-pages/daily-menu.cfm, ContentLength=31502
2026-02-06 14:28:00.632 -05:00 [INF] Successfully fetched menu data: Method=POST, URL=https://www.absecom.psu.edu/menus/user-pages/daily-menu.cfm, ContentLength=35447
2026-02-06 14:28:00.638 -05:00 [INF] Successfully fetched menu data: Method=POST, URL=https://www.absecom.psu.edu/menus/user-pages/daily-menu.cfm, ContentLength=33342
2026-02-06 14:28:00.658 -05:00 [INF] Successfully fetched menu data: Method=POST, URL=https://www.absecom.psu.edu/menus/user-pages/daily-menu.cfm, ContentLength=22792
2026-02-06 14:28:00.670 -05:00 [INF] Successfully fetched menu data: Method=POST, URL=https://www.absecom.psu.edu/menus/user-pages/daily-menu.cfm, ContentLength=27509
2026-02-06 14:28:00.689 -05:00 [INF] Successfully fetched menu data: Method=POST, URL=https://www.absecom.psu.edu/menus/user-pages/daily-menu.cfm, ContentLength=27293
2026-02-06 14:28:00.900 -05:00 [INF] Successfully fetched menu data: Method=POST, URL=https://www.absecom.psu.edu/menus/user-pages/daily-menu.cfm, ContentLength=53304
2026-02-06 14:28:00.992 -05:00 [INF] Successfully fetched menu data: Method=POST, URL=https://www.absecom.psu.edu/menus/user-pages/daily-menu.cfm, ContentLength=59833
2026-02-06 14:28:01.042 -05:00 [INF] Successfully fetched menu data: Method=POST, URL=https://www.absecom.psu.edu/menus/user-pages/daily-menu.cfm, ContentLength=82254
2026-02-06 14:28:01.337 -05:00 [INF] Successfully fetched menu data: Method=POST, URL=https://www.absecom.psu.edu/menus/user-pages/daily-menu.cfm, ContentLength=61619
2026-02-06 14:28:01.340 -05:00 [INF] Successfully fetched 336 menus out of 336 attempts
2026-02-06 14:28:01.342 -05:00 [INF] Starting upsert of 336 menus
2026-02-06 14:28:03.320 -05:00 [INF] Successfully committed transaction for 336 menus
2026-02-06 14:28:03.323 -05:00 [INF] Menus successfully upserted to repository
2026-02-06 14:28:03.324 -05:00 [INF] Initial menu fetch completed successfully
2026-02-06 14:28:03.326 -05:00 [INF] Daily menu job scheduled: FirstRun="2026-02-07T00:00:00.0000000-05:00", Interval="1.00:00:00", DaysOffset=7
2026-02-06 14:28:03.329 -05:00 [INF] Daily menu fetch job scheduled with 7 days offset
2026-02-06 14:28:03.405 -05:00 [INF] WhatTheDob Web application configured and ready to run
2026-02-06 14:28:04.496 -05:00 [INF] MenuService initialized with DaysToFetch=7, SelectedCampus=46, MenuApiUrl=https://www.absecom.psu.edu/menus/user-pages/daily-menu.cfm
2026-02-06 14:28:04.502 -05:00 [INF] Menu page initialized with SessionId=7c4a4b85-a665-45da-9267-8641c9f5caba
2026-02-06 14:28:04.513 -05:00 [INF] Retrieved 16 campuses
2026-02-06 14:28:04.523 -05:00 [INF] Retrieved 4 meals
2026-02-06 14:28:04.526 -05:00 [INF] Filters loaded successfully: 16 campuses, 4 meals
2026-02-06 14:28:05.013 -05:00 [INF] MenuService initialized with DaysToFetch=7, SelectedCampus=46, MenuApiUrl=https://www.absecom.psu.edu/menus/user-pages/daily-menu.cfm
2026-02-06 14:28:05.016 -05:00 [INF] Menu page initialized with SessionId=7c4a4b85-a665-45da-9267-8641c9f5caba
2026-02-06 14:28:05.062 -05:00 [INF] Retrieved 16 campuses
2026-02-06 14:28:05.064 -05:00 [INF] Retrieved 4 meals
2026-02-06 14:28:05.070 -05:00 [INF] Filters loaded successfully: 16 campuses, 4 meals
2026-02-06 14:28:06.571 -05:00 [INF] Loading menu for Date=02/06/26, CampusId=11, MealId=1, SessionId=7c4a4b85-a665-45da-9267-8641c9f5caba
2026-02-06 14:28:06.574 -05:00 [INF] Retrieving menu for Date=02/06/26, CampusId=11, MealId=1
2026-02-06 14:28:06.630 -05:00 [INF] Successfully retrieved menu with 38 items for Date=02/06/26, CampusId=11, MealId=1
2026-02-06 14:28:06.631 -05:00 [INF] Menu loaded successfully with 38 items for Date=02/06/26, CampusId=11, MealId=1
2026-02-06 14:28:09.500 -05:00 [INF] Loading menu for Date=02/06/26, CampusId=11, MealId=2, SessionId=7c4a4b85-a665-45da-9267-8641c9f5caba
2026-02-06 14:28:09.503 -05:00 [INF] Retrieving menu for Date=02/06/26, CampusId=11, MealId=2
2026-02-06 14:28:09.506 -05:00 [INF] Successfully retrieved menu with 53 items for Date=02/06/26, CampusId=11, MealId=2
2026-02-06 14:28:09.508 -05:00 [INF] Menu loaded successfully with 53 items for Date=02/06/26, CampusId=11, MealId=2
2026-02-06 14:38:45.153 -05:00 [INF] Starting WhatTheDob Web application
2026-02-06 14:38:45.299 -05:00 [INF] Data storage path configured: C:\Users\136dp\source\repos\WhatTheDob\datastorage
2026-02-06 14:38:45.306 -05:00 [INF] Database context configured with SQLite
2026-02-06 14:38:45.990 -05:00 [INF] Database created/verified successfully
2026-02-06 14:38:45.991 -05:00 [INF] Initial menu fetch is enabled, fetching menus from API...
2026-02-06 14:38:46.008 -05:00 [INF] MenuService initialized with DaysToFetch=7, SelectedCampus=46, MenuApiUrl=https://www.absecom.psu.edu/menus/user-pags/daily-menu.cfm
2026-02-06 14:38:46.013 -05:00 [INF] Starting menu fetch from API for 7 days
2026-02-06 14:38:46.277 -05:00 [ERR] HTTP request failed: Method=GET, URL=https://www.absecom.psu.edu/menus/user-pags/daily-menu.cfm, Date=N/A, Meal=N/A, CampusId=N/A
System.Net.Http.HttpRequestException: Response status code does not indicate success: 404 (Not Found).
   at System.Net.Http.HttpResponseMessage.EnsureSuccessStatusCode()
   at WhatTheDob.Infrastructure.Services.External.MenuApiClient.GetMenuDataAsync(String url, String menuDate, String meal, Nullable`1 campusId) in C:\Users\136dp\source\repos\WhatTheDob\src\WhatTheDob.Infrastructure\Services\External\MenuApiClient.cs:line 55
2026-02-06 14:40:12.687 -05:00 [INF] Starting WhatTheDob Web application
2026-02-06 14:40:12.814 -05:00 [INF] Data storage path configured: C:\Users\136dp\source\repos\WhatTheDob\datastorage
2026-02-06 14:40:12.825 -05:00 [INF] Database context configured with SQLite
2026-02-06 14:40:13.473 -05:00 [INF] Database created/verified successfully
2026-02-06 14:40:13.474 -05:00 [INF] Initial menu fetch is enabled, fetching menus from API...
2026-02-06 14:40:13.487 -05:00 [INF] MenuService initialized with DaysToFetch=7, SelectedCampus=46, MenuApiUrl=https://www.absecom.psu.edu/menus/user-pags/daily-menu.cfm
2026-02-06 14:40:13.492 -05:00 [INF] Starting menu fetch from API for 7 days
2026-02-06 14:40:13.740 -05:00 [ERR] HTTP request failed: Method=GET, URL=https://www.absecom.psu.edu/menus/user-pags/daily-menu.cfm, Date=N/A, Meal=N/A, CampusId=N/A
System.Net.Http.HttpRequestException: Response status code does not indicate success: 404 (Not Found).
   at System.Net.Http.HttpResponseMessage.EnsureSuccessStatusCode()
   at WhatTheDob.Infrastructure.Services.External.MenuApiClient.GetMenuDataAsync(String url, String menuDate, String meal, Nullable`1 campusId) in C:\Users\136dp\source\repos\WhatTheDob\src\WhatTheDob.Infrastructure\Services\External\MenuApiClient.cs:line 55
2026-02-06 14:42:25.154 -05:00 [INF] Starting WhatTheDob Web application
2026-02-06 14:42:25.286 -05:00 [INF] Data storage path configured: C:\Users\136dp\source\repos\WhatTheDob\datastorage
2026-02-06 14:42:25.293 -05:00 [INF] Database context configured with SQLite
2026-02-06 14:42:25.951 -05:00 [INF] Database created/verified successfully
2026-02-06 14:42:25.952 -05:00 [INF] Initial menu fetch is enabled, starting fetch...
2026-02-06 14:42:25.965 -05:00 [INF] MenuService initialized with DaysToFetch=7, SelectedCampus=46, MenuApiUrl=https://www.absecom.psu.edu/menus/user-pags/daily-menu.cfm
2026-02-06 14:42:25.972 -05:00 [INF] Starting menu fetch from API for 7 days
2026-02-06 14:42:26.307 -05:00 [ERR] HTTP request failed: Method=GET, URL=https://www.absecom.psu.edu/menus/user-pags/daily-menu.cfm, Date=N/A, Meal=N/A, CampusId=N/A
System.Net.Http.HttpRequestException: Response status code does not indicate success: 404 (Not Found).
   at System.Net.Http.HttpResponseMessage.EnsureSuccessStatusCode()
   at WhatTheDob.Infrastructure.Services.External.MenuApiClient.GetMenuDataAsync(String url, String menuDate, String meal, Nullable`1 campusId) in C:\Users\136dp\source\repos\WhatTheDob\src\WhatTheDob.Infrastructure\Services\External\MenuApiClient.cs:line 55
2026-02-06 14:42:26.453 -05:00 [ERR] Initial menu fetch failed
System.Net.Http.HttpRequestException: Response status code does not indicate success: 404 (Not Found).
   at System.Net.Http.HttpResponseMessage.EnsureSuccessStatusCode()
   at WhatTheDob.Infrastructure.Services.External.MenuApiClient.GetMenuDataAsync(String url, String menuDate, String meal, Nullable`1 campusId) in C:\Users\136dp\source\repos\WhatTheDob\src\WhatTheDob.Infrastructure\Services\External\MenuApiClient.cs:line 55
   at WhatTheDob.Infrastructure.Services.MenuService.FetchMenusFromApiAsync() in C:\Users\136dp\source\repos\WhatTheDob\src\WhatTheDob.Infrastructure\Services\MenuService.cs:line 63
   at Program.<Main>$(String[] args) in C:\Users\136dp\source\repos\WhatTheDob\src\WhatTheDob.Web\Program.cs:line 122
2026-02-06 14:42:26.463 -05:00 [INF] Daily menu job scheduled: FirstRun="2026-02-07T00:00:00.0000000-05:00", Interval="1.00:00:00", DaysOffset=7
2026-02-06 14:42:26.466 -05:00 [INF] Daily menu fetch job scheduled with 7 days offset
2026-02-06 14:42:26.532 -05:00 [INF] WhatTheDob Web application configured and ready to run
2026-02-06 14:42:27.526 -05:00 [INF] MenuService initialized with DaysToFetch=7, SelectedCampus=46, MenuApiUrl=https://www.absecom.psu.edu/menus/user-pags/daily-menu.cfm
2026-02-06 14:42:27.530 -05:00 [INF] Menu page initialized with SessionId=7c4a4b85-a665-45da-9267-8641c9f5caba
2026-02-06 14:42:27.822 -05:00 [INF] Retrieved 16 campuses
2026-02-06 14:42:27.830 -05:00 [INF] Retrieved 4 meals
2026-02-06 14:42:27.832 -05:00 [INF] Filters loaded successfully: 16 campuses, 4 meals
2026-02-06 14:42:28.466 -05:00 [INF] MenuService initialized with DaysToFetch=7, SelectedCampus=46, MenuApiUrl=https://www.absecom.psu.edu/menus/user-pags/daily-menu.cfm
2026-02-06 14:42:28.472 -05:00 [INF] Menu page initialized with SessionId=7c4a4b85-a665-45da-9267-8641c9f5caba
2026-02-06 14:42:28.524 -05:00 [INF] Retrieved 16 campuses
2026-02-06 14:42:28.525 -05:00 [INF] Retrieved 4 meals
2026-02-06 14:42:28.526 -05:00 [INF] Filters loaded successfully: 16 campuses, 4 meals
2026-02-06 14:52:22.347 -05:00 [INF] Starting WhatTheDob Web application
2026-02-06 14:52:22.473 -05:00 [INF] Data storage path configured: C:\Users\136dp\source\repos\WhatTheDob\datastorage
2026-02-06 14:52:22.482 -05:00 [INF] Database context configured with SQLite
2026-02-06 14:52:23.119 -05:00 [INF] Database created/verified successfully
2026-02-06 14:52:23.123 -05:00 [INF] Daily menu job scheduled: FirstRun="2026-02-07T00:00:00.0000000-05:00", Interval="1.00:00:00", DaysOffset=7
2026-02-06 14:52:23.128 -05:00 [INF] Daily menu fetch job scheduled with 7 days offset
2026-02-06 14:52:23.199 -05:00 [INF] WhatTheDob Web application configured and ready to run
2026-02-06 14:52:25.039 -05:00 [INF] MenuService initialized with DaysToFetch=7, SelectedCampus=46, MenuApiUrl=https://www.absecom.psu.edu/menus/user-pages/daily-menu.cfm
2026-02-06 14:52:25.044 -05:00 [INF] Menu page initialized with SessionId=7c4a4b85-a665-45da-9267-8641c9f5caba
2026-02-06 14:52:25.322 -05:00 [INF] Retrieved 16 campuses
2026-02-06 14:52:25.334 -05:00 [INF] Retrieved 4 meals
2026-02-06 14:52:25.337 -05:00 [INF] Filters loaded successfully: 16 campuses, 4 meals
2026-02-06 14:52:38.665 -05:00 [INF] Loading menu for Date=02/06/26, CampusId=11, MealId=1, SessionId=7c4a4b85-a665-45da-9267-8641c9f5caba
2026-02-06 14:52:38.668 -05:00 [INF] Retrieving menu for Date=02/06/26, CampusId=11, MealId=1
2026-02-06 14:52:38.746 -05:00 [INF] Successfully retrieved menu with 38 items for Date=02/06/26, CampusId=11, MealId=1
2026-02-06 14:52:38.748 -05:00 [INF] Menu loaded successfully with 38 items for Date=02/06/26, CampusId=11, MealId=1
2026-02-06 14:52:40.961 -05:00 [INF] Submitting rating: SessionId=7c4a4b85-a665-45da-9267-8641c9f5caba, ItemValue=Assorted Crullers, Rating=3
2026-02-06 14:52:40.963 -05:00 [INF] Submitting user rating: SessionId=7c4a4b85-a665-45da-9267-8641c9f5caba, ItemValue=Assorted Crullers, Rating=3
2026-02-06 14:52:40.967 -05:00 [INF] Upserting user rating: SessionId=7c4a4b85-a665-45da-9267-8641c9f5caba, ItemValue=Assorted Crullers, Rating=3
2026-02-06 14:52:41.033 -05:00 [INF] Updated user rating: SessionId=7c4a4b85-a665-45da-9267-8641c9f5caba, ItemValue=Assorted Crullers, OldRating=4, NewRating=3
2026-02-06 14:52:41.101 -05:00 [INF] User rating successfully submitted: SessionId=7c4a4b85-a665-45da-9267-8641c9f5caba, ItemValue=Assorted Crullers, Rating=3
2026-02-06 14:52:41.105 -05:00 [INF] Retrieving menu for Date=02/06/26, CampusId=11, MealId=1
2026-02-06 14:52:41.110 -05:00 [INF] Successfully retrieved menu with 38 items for Date=02/06/26, CampusId=11, MealId=1
2026-02-06 14:52:41.111 -05:00 [INF] Rating submitted successfully: SessionId=7c4a4b85-a665-45da-9267-8641c9f5caba, ItemValue=Assorted Crullers, Rating=3
2026-02-06 14:52:52.455 -05:00 [INF] Submitting rating: SessionId=7c4a4b85-a665-45da-9267-8641c9f5caba, ItemValue=Assorted Muffins, Rating=2
2026-02-06 14:52:52.457 -05:00 [INF] Submitting user rating: SessionId=7c4a4b85-a665-45da-9267-8641c9f5caba, ItemValue=Assorted Muffins, Rating=2
2026-02-06 14:52:52.458 -05:00 [INF] Upserting user rating: SessionId=7c4a4b85-a665-45da-9267-8641c9f5caba, ItemValue=Assorted Muffins, Rating=2
2026-02-06 14:52:52.462 -05:00 [INF] Updated user rating: SessionId=7c4a4b85-a665-45da-9267-8641c9f5caba, ItemValue=Assorted Muffins, OldRating=3, NewRating=2
2026-02-06 14:52:52.467 -05:00 [INF] User rating successfully submitted: SessionId=7c4a4b85-a665-45da-9267-8641c9f5caba, ItemValue=Assorted Muffins, Rating=2
2026-02-06 14:52:52.468 -05:00 [INF] Retrieving menu for Date=02/06/26, CampusId=11, MealId=1
2026-02-06 14:52:52.471 -05:00 [INF] Successfully retrieved menu with 38 items for Date=02/06/26, CampusId=11, MealId=1
2026-02-06 14:52:52.472 -05:00 [INF] Rating submitted successfully: SessionId=7c4a4b85-a665-45da-9267-8641c9f5caba, ItemValue=Assorted Muffins, Rating=2
2026-02-06 14:52:54.327 -05:00 [INF] Submitting rating: SessionId=7c4a4b85-a665-45da-9267-8641c9f5caba, ItemValue=Nutella My Berry Acai Bowl, Rating=4
2026-02-06 14:52:54.329 -05:00 [INF] Submitting user rating: SessionId=7c4a4b85-a665-45da-9267-8641c9f5caba, ItemValue=Nutella My Berry Acai Bowl, Rating=4
2026-02-06 14:52:54.330 -05:00 [INF] Upserting user rating: SessionId=7c4a4b85-a665-45da-9267-8641c9f5caba, ItemValue=Nutella My Berry Acai Bowl, Rating=4
2026-02-06 14:52:54.346 -05:00 [INF] Created new user rating: SessionId=7c4a4b85-a665-45da-9267-8641c9f5caba, ItemValue=Nutella My Berry Acai Bowl, Rating=4
2026-02-06 14:52:54.370 -05:00 [INF] User rating successfully submitted: SessionId=7c4a4b85-a665-45da-9267-8641c9f5caba, ItemValue=Nutella My Berry Acai Bowl, Rating=4
2026-02-06 14:52:54.371 -05:00 [INF] Retrieving menu for Date=02/06/26, CampusId=11, MealId=1
2026-02-06 14:52:54.374 -05:00 [INF] Successfully retrieved menu with 38 items for Date=02/06/26, CampusId=11, MealId=1
2026-02-06 14:52:54.375 -05:00 [INF] Rating submitted successfully: SessionId=7c4a4b85-a665-45da-9267-8641c9f5caba, ItemValue=Nutella My Berry Acai Bowl, Rating=4
